SmartEye/build/intermediates/manifest_merge_blame_file/debug/manifest-merger-blame-debug-report.txt
1<?xml version="1.0" encoding="utf-8"?>
2<manifest xmlns:android="http://schemas.android.com/apk/res/android"
3    package="com.autonavi.smarteye"
4    android:versionCode="120"
5    android:versionName="120" >
6
7    <uses-sdk
8        android:minSdkVersion="14"
8-->src/main/AndroidManifest.xml
9        android:targetSdkVersion="29" />
9-->src/main/AndroidManifest.xml
10
11    <uses-permission android:name="com.spt.carengine.config.permission.R_READ" />
11-->src/main/AndroidManifest.xml:7:5-82
11-->src/main/AndroidManifest.xml:7:22-79
12    <uses-permission android:name="com.spt.carengine.config.permission.R_WRITE" />
12-->src/main/AndroidManifest.xml:8:5-83
12-->src/main/AndroidManifest.xml:8:22-80
13    <uses-permission android:name="android.permission.ACCESS_WIFI_STATE" />
13-->src/main/AndroidManifest.xml:9:5-76
13-->src/main/AndroidManifest.xml:9:22-73
14    <uses-permission android:name="android.permission.READ_PHONE_STATE" />
14-->src/main/AndroidManifest.xml:10:5-75
14-->src/main/AndroidManifest.xml:10:22-72
15    <uses-permission android:name="android.permission.ACCESS_FINE_LOCATION" />
15-->src/main/AndroidManifest.xml:11:5-79
15-->src/main/AndroidManifest.xml:11:22-76
16    <uses-permission android:name="android.permission.ACCESS_NETWORK_STATE" />
16-->src/main/AndroidManifest.xml:12:5-79
16-->src/main/AndroidManifest.xml:12:22-76
17    <uses-permission android:name="android.permission.INTERNET" />
17-->src/main/AndroidManifest.xml:13:5-67
17-->src/main/AndroidManifest.xml:13:22-64
18    <uses-permission android:name="android.permission.WRITE_EXTERNAL_STORAGE" />
18-->src/main/AndroidManifest.xml:14:5-81
18-->src/main/AndroidManifest.xml:14:22-78
19    <uses-permission android:name="android.permission.READ_EXTERNAL_STORAGE" />
19-->src/main/AndroidManifest.xml:15:5-80
19-->src/main/AndroidManifest.xml:15:22-77
20
21    <application
21-->src/main/AndroidManifest.xml:17:5-33:19
22        android:name="com.autonavi.smarteye.App"
22-->src/main/AndroidManifest.xml:18:9-28
23        android:allowBackup="false"
23-->src/main/AndroidManifest.xml:19:9-36
24        android:debuggable="true"
25        android:icon="@mipmap/ic_launcher"
25-->src/main/AndroidManifest.xml:20:9-43
26        android:label="@string/app_name"
26-->src/main/AndroidManifest.xml:22:9-41
27        android:testOnly="true"
28        android:theme="@style/AppTheme" >
28-->src/main/AndroidManifest.xml:21:9-40
29        <activity
29-->src/main/AndroidManifest.xml:23:9-31:20
30            android:name="com.autonavi.smarteye.MainActivity"
30-->src/main/AndroidManifest.xml:24:13-41
31            android:label="@string/app_name" >
31-->src/main/AndroidManifest.xml:25:13-45
32            <intent-filter>
32-->src/main/AndroidManifest.xml:26:13-30:29
33                <action android:name="android.intent.action.MAIN" />
33-->src/main/AndroidManifest.xml:27:17-69
33-->src/main/AndroidManifest.xml:27:25-66
34
35                <category android:name="android.intent.category.LAUNCHER" />
35-->src/main/AndroidManifest.xml:29:17-77
35-->src/main/AndroidManifest.xml:29:27-74
36            </intent-filter>
37        </activity>
38    </application>
39
40</manifest>